2024-12-03T14:29:53.416+09:00  INFO 6868 --- [demo] [main] com.example.seo.demo.DemoApplication     : Starting DemoApplication using Java 17.0.12 with PID 6868 (C:\dbseo\demo\build\classes\java\main started by jwons in C:\dbseo\demo)
2024-12-03T14:29:53.431+09:00 DEBUG 6868 --- [demo] [main] com.example.seo.demo.DemoApplication     : Running with Spring Boot v3.3.4, Spring v6.1.13
2024-12-03T14:29:53.431+09:00  INFO 6868 --- [demo] [main] com.example.seo.demo.DemoApplication     : No active profile set, falling back to 1 default profile: "default"
2024-12-03T14:29:56.208+09:00  INFO 6868 --- [demo] [main] .s.d.r.c.RepositoryConfigurationDelegate : Bootstrapping Spring Data JPA repositories in DEFAULT mode.
2024-12-03T14:29:56.407+09:00  INFO 6868 --- [demo] [main] .s.d.r.c.RepositoryConfigurationDelegate : Finished Spring Data repository scanning in 174 ms. Found 1 JPA repository interface.
2024-12-03T14:29:59.213+09:00  INFO 6868 --- [demo] [main] o.s.b.w.embedded.tomcat.TomcatWebServer  : Tomcat initialized with port 8080 (http)
2024-12-03T14:29:59.260+09:00  INFO 6868 --- [demo] [main] o.apache.catalina.core.StandardService   : Starting service [Tomcat]
2024-12-03T14:29:59.276+09:00  INFO 6868 --- [demo] [main] o.apache.catalina.core.StandardEngine    : Starting Servlet engine: [Apache Tomcat/10.1.30]
2024-12-03T14:29:59.694+09:00  INFO 6868 --- [demo] [main] o.a.c.c.C.[Tomcat].[localhost].[/]       : Initializing Spring embedded WebApplicationContext
2024-12-03T14:29:59.694+09:00  INFO 6868 --- [demo] [main] w.s.c.ServletWebServerApplicationContext : Root WebApplicationContext: initialization completed in 6079 ms
2024-12-03T14:30:00.577+09:00  INFO 6868 --- [demo] [main] o.hibernate.jpa.internal.util.LogHelper  : HHH000204: Processing PersistenceUnitInfo [name: default]
2024-12-03T14:30:00.904+09:00  INFO 6868 --- [demo] [main] org.hibernate.Version                    : HHH000412: Hibernate ORM core version 6.5.3.Final
2024-12-03T14:30:01.092+09:00  INFO 6868 --- [demo] [main] o.h.c.internal.RegionFactoryInitiator    : HHH000026: Second-level cache disabled
2024-12-03T14:30:02.265+09:00  INFO 6868 --- [demo] [main] o.s.o.j.p.SpringPersistenceUnitInfo      : No LoadTimeWeaver setup: ignoring JPA class transformer
2024-12-03T14:30:02.390+09:00  INFO 6868 --- [demo] [main] com.zaxxer.hikari.HikariDataSource       : HikariPool-1 - Starting...
2024-12-03T14:30:05.066+09:00  INFO 6868 --- [demo] [main] com.zaxxer.hikari.pool.HikariPool        : HikariPool-1 - Added connection com.mysql.cj.jdbc.ConnectionImpl@5a4c98d7
2024-12-03T14:30:05.072+09:00  INFO 6868 --- [demo] [main] com.zaxxer.hikari.HikariDataSource       : HikariPool-1 - Start completed.
2024-12-03T14:30:05.650+09:00  WARN 6868 --- [demo] [main] org.hibernate.orm.deprecation            : HHH90000025: MySQLDialect does not need to be specified explicitly using 'hibernate.dialect' (remove the property setting and it will be selected by default)
2024-12-03T14:30:08.571+09:00  INFO 6868 --- [demo] [main] o.h.e.t.j.p.i.JtaPlatformInitiator       : HHH000489: No JTA platform available (set 'hibernate.transaction.jta.platform' to enable JTA platform integration)
2024-12-03T14:30:09.292+09:00  INFO 6868 --- [demo] [main] j.LocalContainerEntityManagerFactoryBean : Initialized JPA EntityManagerFactory for persistence unit 'default'
2024-12-03T14:30:10.477+09:00  INFO 6868 --- [demo] [main] o.s.d.j.r.query.QueryEnhancerFactory     : Hibernate is in classpath; If applicable, HQL parser will be used.
2024-12-03T14:30:12.231+09:00  WARN 6868 --- [demo] [main] JpaBaseConfiguration$JpaWebConfiguration : spring.jpa.open-in-view is enabled by default. Therefore, database queries may be performed during view rendering. Explicitly configure spring.jpa.open-in-view to disable this warning
2024-12-03T14:30:13.325+09:00  INFO 6868 --- [demo] [main] o.s.b.w.embedded.tomcat.TomcatWebServer  : Tomcat started on port 8080 (http) with context path '/'
2024-12-03T14:30:13.356+09:00  INFO 6868 --- [demo] [main] com.example.seo.demo.DemoApplication     : Started DemoApplication in 22.274 seconds (process running for 23.692)
2024-12-03T14:30:41.036+09:00  INFO 6868 --- [demo] [http-nio-8080-exec-1] o.a.c.c.C.[Tomcat].[localhost].[/]       : Initializing Spring DispatcherServlet 'dispatcherServlet'
2024-12-03T14:30:41.036+09:00  INFO 6868 --- [demo] [http-nio-8080-exec-1] o.s.web.servlet.DispatcherServlet        : Initializing Servlet 'dispatcherServlet'
2024-12-03T14:30:41.038+09:00  INFO 6868 --- [demo] [http-nio-8080-exec-1] o.s.web.servlet.DispatcherServlet        : Completed initialization in 0 ms
